<?xml version="1.0" encoding="UTF-8"?>
<!-- Generated by org.testng.reporters.JUnitXMLReporter -->
<testsuite hostname="IN-QA10" ignored="0" name="Test" tests="12" failures="1" timestamp="13 Jan 2019 10:50:50 GMT" time="0.087" errors="0">
  <testcase name="Test1" time="0.012" classname="TestNGLearning.ClassTestCaseExecution"/>
  <testcase name="Test2" time="0.004" classname="TestNGLearning.ClassTestCaseExecution"/>
  <testcase name="Test3" time="0.001" classname="TestNGLearning.ClassTestCaseExecution"/>
  <testcase name="Login" time="0.001" classname="TestNGLearning.Parallel1"/>
  <testcase name="Registration" time="0.001" classname="TestNGLearning.Parallel1"/>
  <testcase name="Test1" time="0.001" classname="TestNGLearning.GroupTestCaseExecution"/>
  <testcase name="Test2" time="0.001" classname="TestNGLearning.GroupTestCaseExecution"/>
  <testcase name="Test1" time="0.001" classname="TestNGLearning.Parallel2"/>
  <testcase name="Test2" time="0.002" classname="TestNGLearning.Parallel2"/>
  <testcase name="Test3" time="0.001" classname="TestNGLearning.Parallel2"/>
  <testcase name="Test4" time="0.001" classname="TestNGLearning.Parallel2"/>
  <testcase name="GetData" time="0.0" classname="TestNGLearning.TestCaseExecution">
    <failure type="org.testng.TestNGException" message="
Parameter &amp;apos;suitlevel&amp;apos; is required by @Test on method GetData but has not been marked @Optional or defined
in E:\Ss\player\GIT reprosetry\SeleniumAutomation\PackageTestCaseExecution.xml">
      <![CDATA[org.testng.TestNGException: 
Parameter 'suitlevel' is required by @Test on method GetData but has not been marked @Optional or defined
in E:\Ss\player\GIT reprosetry\SeleniumAutomation\PackageTestCaseExecution.xml
... Removed 24 stack frames]]>
    </failure>
  </testcase> <!-- GetData -->
</testsuite> <!-- Test -->
