<html>
<head>
<title>TestNG:  Test</title>
<link href="../testng.css" rel="stylesheet" type="text/css" />
<link href="../my-testng.css" rel="stylesheet" type="text/css" />

<style type="text/css">
.log { display: none;} 
.stack-trace { display: none;} 
</style>
<script type="text/javascript">
<!--
function flip(e) {
  current = e.style.display;
  if (current == 'block') {
    e.style.display = 'none';
    return 0;
  }
  else {
    e.style.display = 'block';
    return 1;
  }
}

function toggleBox(szDivId, elem, msg1, msg2)
{
  var res = -1;  if (document.getElementById) {
    res = flip(document.getElementById(szDivId));
  }
  else if (document.all) {
    // this is the way old msie versions work
    res = flip(document.all[szDivId]);
  }
  if(elem) {
    if(res == 0) elem.innerHTML = msg1; else elem.innerHTML = msg2;
  }

}

function toggleAllBoxes() {
  if (document.getElementsByTagName) {
    d = document.getElementsByTagName('div');
    for (i = 0; i < d.length; i++) {
      if (d[i].className == 'log') {
        flip(d[i]);
      }
    }
  }
}

// -->
</script>

</head>
<body>
<h2 align='center'>Test</h2><table border='1' align="center">
<tr>
<td>Tests passed/Failed/Skipped:</td><td>11/1/0</td>
</tr><tr>
<td>Started on:</td><td>Sun Jan 13 16:20:50 IST 2019</td>
</tr>
<tr><td>Total time:</td><td>0 seconds (87 ms)</td>
</tr><tr>
<td>Included groups:</td><td></td>
</tr><tr>
<td>Excluded groups:</td><td></td>
</tr>
</table><p/>
<small><i>(Hover the method name to see the test class name)</i></small><p/>
<table width='100%' border='1' class='invocation-failed'>
<tr><td colspan='4' align='center'><b>FAILED TESTS</b></td></tr>
<tr><td><b>Test method</b></td>
<td width="30%"><b>Exception</b></td>
<td width="10%"><b>Time (seconds)</b></td>
<td><b>Instance</b></td>
</tr>
<tr>
<td title='TestNGLearning.TestCaseExecution.GetData()'><b>GetData</b><br>Test class: TestNGLearning.TestCaseExecution</td>
<td><div><pre>org.testng.TestNGException: 
Parameter &apos;suitlevel&apos; is required by @Test on method GetData but has not been marked @Optional or defined
in E:\Ss\player\GIT reprosetry\SeleniumAutomation\PackageTestCaseExecution.xml
... Removed 24 stack frames</pre></div><a href='#' onClick='toggleBox("stack-trace407858146", this, "Click to show all stack frames", "Click to hide stack frames")'>Click to show all stack frames</a>
<div class='stack-trace' id='stack-trace407858146'><pre>org.testng.TestNGException: 
Parameter &apos;suitlevel&apos; is required by @Test on method GetData but has not been marked @Optional or defined
in E:\Ss\player\GIT reprosetry\SeleniumAutomation\PackageTestCaseExecution.xml
	at org.testng.internal.Parameters.createParams(Parameters.java:290)
	at org.testng.internal.Parameters.createParametersForMethod(Parameters.java:359)
	at org.testng.internal.Parameters.createParameters(Parameters.java:620)
	at org.testng.internal.Parameters.handleParameters(Parameters.java:769)
	at org.testng.internal.ParameterHandler.handleParameters(ParameterHandler.java:49)
	at org.testng.internal.ParameterHandler.createParameters(ParameterHandler.java:37)
	at org.testng.internal.Invoker.invokeTestMethods(Invoker.java:923)
	at org.testng.internal.TestMethodWorker.invokeTestMethods(TestMethodWorker.java:125)
	at org.testng.internal.TestMethodWorker.run(TestMethodWorker.java:109)
	at org.testng.TestRunner.privateRun(TestRunner.java:648)
	at org.testng.TestRunner.run(TestRunner.java:505)
	at org.testng.SuiteRunner.runTest(SuiteRunner.java:455)
	at org.testng.SuiteRunner.runSequentially(SuiteRunner.java:450)
	at org.testng.SuiteRunner.privateRun(SuiteRunner.java:415)
	at org.testng.SuiteRunner.run(SuiteRunner.java:364)
	at org.testng.SuiteRunnerWorker.runSuite(SuiteRunnerWorker.java:52)
	at org.testng.SuiteRunnerWorker.run(SuiteRunnerWorker.java:84)
	at org.testng.TestNG.runSuitesSequentially(TestNG.java:1208)
	at org.testng.TestNG.runSuitesLocally(TestNG.java:1137)
	at org.testng.TestNG.runSuites(TestNG.java:1049)
	at org.testng.TestNG.run(TestNG.java:1017)
	at org.testng.remote.AbstractRemoteTestNG.run(AbstractRemoteTestNG.java:114)
	at org.testng.remote.RemoteTestNG.initAndRun(RemoteTestNG.java:251)
	at org.testng.remote.RemoteTestNG.main(RemoteTestNG.java:77)
</pre></div></td>
<td>0</td>
<td>TestNGLearning.TestCaseExecution@7d9d1a19</td></tr>
</table><p>
<table width='100%' border='1' class='invocation-passed'>
<tr><td colspan='4' align='center'><b>PASSED TESTS</b></td></tr>
<tr><td><b>Test method</b></td>
<td width="30%"><b>Exception</b></td>
<td width="10%"><b>Time (seconds)</b></td>
<td><b>Instance</b></td>
</tr>
<tr>
<td title='TestNGLearning.Parallel1.Login()'><b>Login</b><br>Test class: TestNGLearning.Parallel1</td>
<td></td>
<td>0</td>
<td>TestNGLearning.Parallel1@5622fdf</td></tr>
<tr>
<td title='TestNGLearning.Parallel1.Registration()'><b>Registration</b><br>Test class: TestNGLearning.Parallel1</td>
<td></td>
<td>0</td>
<td>TestNGLearning.Parallel1@5622fdf</td></tr>
<tr>
<td title='TestNGLearning.ClassTestCaseExecution.Test1()'><b>Test1</b><br>Test class: TestNGLearning.ClassTestCaseExecution</td>
<td></td>
<td>0</td>
<td>TestNGLearning.ClassTestCaseExecution@6a41eaa2</td></tr>
<tr>
<td title='TestNGLearning.GroupTestCaseExecution.Test1()'><b>Test1</b><br>Test class: TestNGLearning.GroupTestCaseExecution</td>
<td></td>
<td>0</td>
<td>TestNGLearning.GroupTestCaseExecution@6093dd95</td></tr>
<tr>
<td title='TestNGLearning.Parallel2.Test1()'><b>Test1</b><br>Test class: TestNGLearning.Parallel2</td>
<td></td>
<td>0</td>
<td>TestNGLearning.Parallel2@4883b407</td></tr>
<tr>
<td title='TestNGLearning.ClassTestCaseExecution.Test2()'><b>Test2</b><br>Test class: TestNGLearning.ClassTestCaseExecution</td>
<td></td>
<td>0</td>
<td>TestNGLearning.ClassTestCaseExecution@6a41eaa2</td></tr>
<tr>
<td title='TestNGLearning.GroupTestCaseExecution.Test2()'><b>Test2</b><br>Test class: TestNGLearning.GroupTestCaseExecution</td>
<td></td>
<td>0</td>
<td>TestNGLearning.GroupTestCaseExecution@6093dd95</td></tr>
<tr>
<td title='TestNGLearning.Parallel2.Test2()'><b>Test2</b><br>Test class: TestNGLearning.Parallel2</td>
<td></td>
<td>0</td>
<td>TestNGLearning.Parallel2@4883b407</td></tr>
<tr>
<td title='TestNGLearning.ClassTestCaseExecution.Test3()'><b>Test3</b><br>Test class: TestNGLearning.ClassTestCaseExecution</td>
<td></td>
<td>0</td>
<td>TestNGLearning.ClassTestCaseExecution@6a41eaa2</td></tr>
<tr>
<td title='TestNGLearning.Parallel2.Test3()'><b>Test3</b><br>Test class: TestNGLearning.Parallel2</td>
<td></td>
<td>0</td>
<td>TestNGLearning.Parallel2@4883b407</td></tr>
<tr>
<td title='TestNGLearning.Parallel2.Test4()'><b>Test4</b><br>Test class: TestNGLearning.Parallel2</td>
<td></td>
<td>0</td>
<td>TestNGLearning.Parallel2@4883b407</td></tr>
</table><p>
</body>
</html>