<?xml version="1.0" encoding="UTF-8"?>
<!-- Generated by org.testng.reporters.JUnitXMLReporter -->
<testsuite hostname="IN-QA10" ignored="0" name="Sprint1(failed)" tests="1" failures="1" timestamp="10 Aug 2018 04:37:34 GMT" time="0.032" errors="0">
  <testcase name="TestWP" time="0.01" classname="ExecutionOfFailTestCases.Wordpress">
    <failure type="java.lang.AssertionError" message="expected [true] but found [false]">
      <![CDATA[java.lang.AssertionError: expected [true] but found [false]
at ExecutionOfFailTestCases.Wordpress.TestWP(Wordpress.java:12)
at FailedRunner.TryThis.main(TryThis.java:21)
... Removed 26 stack frames]]>
    </failure>
  </testcase> <!-- TestWP -->
</testsuite> <!-- Sprint1(failed) -->
